
*** Running vivado
    with args -log openmips_min_sopc.vds -m64 -mode batch -messageDb vivado.pb -notrace -source openmips_min_sopc.tcl


****** Vivado v2015.4 (64-bit)
  **** SW Build 1412921 on Wed Nov 18 09:43:45 MST 2015
  **** IP Build 1412160 on Tue Nov 17 13:47:24 MST 2015
    ** Copyright 1986-2015 Xilinx, Inc. All Rights Reserved.

source openmips_min_sopc.tcl -notrace
Command: synth_design -top openmips_min_sopc -part xc7a35ticpg236-1L
Starting synth_design
Attempting to get a license for feature 'Synthesis' and/or device 'xc7a35ti'
INFO: [Common 17-349] Got license for feature 'Synthesis' and/or device 'xc7a35ti'
---------------------------------------------------------------------------------
Starting RTL Elaboration : Time (s): cpu = 00:00:13 ; elapsed = 00:00:21 . Memory (MB): peak = 295.016 ; gain = 123.039
---------------------------------------------------------------------------------
INFO: [Synth 8-638] synthesizing module 'openmips_min_sopc' [C:/Users/LMX/Desktop/MyProject/OpenMIPS/OpenMIPS.srcs/sources_1/new/openmips_min_sopc.v:7]
INFO: [Synth 8-638] synthesizing module 'openmips' [C:/Users/LMX/Desktop/MyProject/OpenMIPS/OpenMIPS.srcs/sources_1/new/openmips.v:7]
INFO: [Synth 8-638] synthesizing module 'pc_reg' [C:/Users/LMX/Desktop/MyProject/OpenMIPS/OpenMIPS.srcs/sources_1/new/pc_reg.v:4]
INFO: [Synth 8-256] done synthesizing module 'pc_reg' (1#1) [C:/Users/LMX/Desktop/MyProject/OpenMIPS/OpenMIPS.srcs/sources_1/new/pc_reg.v:4]
INFO: [Synth 8-638] synthesizing module 'if_id' [C:/Users/LMX/Desktop/MyProject/OpenMIPS/OpenMIPS.srcs/sources_1/new/if_id.v:7]
INFO: [Synth 8-256] done synthesizing module 'if_id' (2#1) [C:/Users/LMX/Desktop/MyProject/OpenMIPS/OpenMIPS.srcs/sources_1/new/if_id.v:7]
INFO: [Synth 8-638] synthesizing module 'id' [C:/Users/LMX/Desktop/MyProject/OpenMIPS/OpenMIPS.srcs/sources_1/new/id.v:7]
INFO: [Synth 8-256] done synthesizing module 'id' (3#1) [C:/Users/LMX/Desktop/MyProject/OpenMIPS/OpenMIPS.srcs/sources_1/new/id.v:7]
INFO: [Synth 8-638] synthesizing module 'regfile' [C:/Users/LMX/Desktop/MyProject/OpenMIPS/OpenMIPS.srcs/sources_1/new/regfile.v:7]
INFO: [Synth 8-256] done synthesizing module 'regfile' (4#1) [C:/Users/LMX/Desktop/MyProject/OpenMIPS/OpenMIPS.srcs/sources_1/new/regfile.v:7]
INFO: [Synth 8-638] synthesizing module 'id_ex' [C:/Users/LMX/Desktop/MyProject/OpenMIPS/OpenMIPS.srcs/sources_1/new/id_ex.v:7]
INFO: [Synth 8-256] done synthesizing module 'id_ex' (5#1) [C:/Users/LMX/Desktop/MyProject/OpenMIPS/OpenMIPS.srcs/sources_1/new/id_ex.v:7]
INFO: [Synth 8-638] synthesizing module 'ex' [C:/Users/LMX/Desktop/MyProject/OpenMIPS/OpenMIPS.srcs/sources_1/new/ex.v:6]
INFO: [Synth 8-256] done synthesizing module 'ex' (6#1) [C:/Users/LMX/Desktop/MyProject/OpenMIPS/OpenMIPS.srcs/sources_1/new/ex.v:6]
INFO: [Synth 8-638] synthesizing module 'ex_mem' [C:/Users/LMX/Desktop/MyProject/OpenMIPS/OpenMIPS.srcs/sources_1/new/ex_mem.v:6]
INFO: [Synth 8-256] done synthesizing module 'ex_mem' (7#1) [C:/Users/LMX/Desktop/MyProject/OpenMIPS/OpenMIPS.srcs/sources_1/new/ex_mem.v:6]
INFO: [Synth 8-638] synthesizing module 'mem' [C:/Users/LMX/Desktop/MyProject/OpenMIPS/OpenMIPS.srcs/sources_1/new/mem.v:6]
INFO: [Synth 8-256] done synthesizing module 'mem' (8#1) [C:/Users/LMX/Desktop/MyProject/OpenMIPS/OpenMIPS.srcs/sources_1/new/mem.v:6]
INFO: [Synth 8-638] synthesizing module 'mem_wb' [C:/Users/LMX/Desktop/MyProject/OpenMIPS/OpenMIPS.srcs/sources_1/new/mem_wb.v:6]
INFO: [Synth 8-256] done synthesizing module 'mem_wb' (9#1) [C:/Users/LMX/Desktop/MyProject/OpenMIPS/OpenMIPS.srcs/sources_1/new/mem_wb.v:6]
INFO: [Synth 8-256] done synthesizing module 'openmips' (10#1) [C:/Users/LMX/Desktop/MyProject/OpenMIPS/OpenMIPS.srcs/sources_1/new/openmips.v:7]
INFO: [Synth 8-638] synthesizing module 'inst_rom' [C:/Users/LMX/Desktop/MyProject/OpenMIPS/OpenMIPS.srcs/sources_1/new/inst_rom.v:6]
WARNING: [Synth 8-3848] Net inst_mem[4] in module/entity inst_rom does not have driver. [C:/Users/LMX/Desktop/MyProject/OpenMIPS/OpenMIPS.srcs/sources_1/new/inst_rom.v:17]
WARNING: [Synth 8-3848] Net inst_mem[5] in module/entity inst_rom does not have driver. [C:/Users/LMX/Desktop/MyProject/OpenMIPS/OpenMIPS.srcs/sources_1/new/inst_rom.v:17]
WARNING: [Synth 8-3848] Net inst_mem[6] in module/entity inst_rom does not have driver. [C:/Users/LMX/Desktop/MyProject/OpenMIPS/OpenMIPS.srcs/sources_1/new/inst_rom.v:17]
WARNING: [Synth 8-3848] Net inst_mem[7] in module/entity inst_rom does not have driver. [C:/Users/LMX/Desktop/MyProject/OpenMIPS/OpenMIPS.srcs/sources_1/new/inst_rom.v:17]
WARNING: [Synth 8-3848] Net inst_mem[8] in module/entity inst_rom does not have driver. [C:/Users/LMX/Desktop/MyProject/OpenMIPS/OpenMIPS.srcs/sources_1/new/inst_rom.v:17]
WARNING: [Synth 8-3848] Net inst_mem[9] in module/entity inst_rom does not have driver. [C:/Users/LMX/Desktop/MyProject/OpenMIPS/OpenMIPS.srcs/sources_1/new/inst_rom.v:17]
WARNING: [Synth 8-3848] Net inst_mem[10] in module/entity inst_rom does not have driver. [C:/Users/LMX/Desktop/MyProject/OpenMIPS/OpenMIPS.srcs/sources_1/new/inst_rom.v:17]
WARNING: [Synth 8-3848] Net inst_mem[11] in module/entity inst_rom does not have driver. [C:/Users/LMX/Desktop/MyProject/OpenMIPS/OpenMIPS.srcs/sources_1/new/inst_rom.v:17]
WARNING: [Synth 8-3848] Net inst_mem[12] in module/entity inst_rom does not have driver. [C:/Users/LMX/Desktop/MyProject/OpenMIPS/OpenMIPS.srcs/sources_1/new/inst_rom.v:17]
WARNING: [Synth 8-3848] Net inst_mem[13] in module/entity inst_rom does not have driver. [C:/Users/LMX/Desktop/MyProject/OpenMIPS/OpenMIPS.srcs/sources_1/new/inst_rom.v:17]
WARNING: [Synth 8-3848] Net inst_mem[14] in module/entity inst_rom does not have driver. [C:/Users/LMX/Desktop/MyProject/OpenMIPS/OpenMIPS.srcs/sources_1/new/inst_rom.v:17]
WARNING: [Synth 8-3848] Net inst_mem[15] in module/entity inst_rom does not have driver. [C:/Users/LMX/Desktop/MyProject/OpenMIPS/OpenMIPS.srcs/sources_1/new/inst_rom.v:17]
WARNING: [Synth 8-3848] Net inst_mem[16] in module/entity inst_rom does not have driver. [C:/Users/LMX/Desktop/MyProject/OpenMIPS/OpenMIPS.srcs/sources_1/new/inst_rom.v:17]
WARNING: [Synth 8-3848] Net inst_mem[17] in module/entity inst_rom does not have driver. [C:/Users/LMX/Desktop/MyProject/OpenMIPS/OpenMIPS.srcs/sources_1/new/inst_rom.v:17]
WARNING: [Synth 8-3848] Net inst_mem[18] in module/entity inst_rom does not have driver. [C:/Users/LMX/Desktop/MyProject/OpenMIPS/OpenMIPS.srcs/sources_1/new/inst_rom.v:17]
WARNING: [Synth 8-3848] Net inst_mem[19] in module/entity inst_rom does not have driver. [C:/Users/LMX/Desktop/MyProject/OpenMIPS/OpenMIPS.srcs/sources_1/new/inst_rom.v:17]
WARNING: [Synth 8-3848] Net inst_mem[20] in module/entity inst_rom does not have driver. [C:/Users/LMX/Desktop/MyProject/OpenMIPS/OpenMIPS.srcs/sources_1/new/inst_rom.v:17]
WARNING: [Synth 8-3848] Net inst_mem[21] in module/entity inst_rom does not have driver. [C:/Users/LMX/Desktop/MyProject/OpenMIPS/OpenMIPS.srcs/sources_1/new/inst_rom.v:17]
WARNING: [Synth 8-3848] Net inst_mem[22] in module/entity inst_rom does not have driver. [C:/Users/LMX/Desktop/MyProject/OpenMIPS/OpenMIPS.srcs/sources_1/new/inst_rom.v:17]
WARNING: [Synth 8-3848] Net inst_mem[23] in module/entity inst_rom does not have driver. [C:/Users/LMX/Desktop/MyProject/OpenMIPS/OpenMIPS.srcs/sources_1/new/inst_rom.v:17]
WARNING: [Synth 8-3848] Net inst_mem[24] in module/entity inst_rom does not have driver. [C:/Users/LMX/Desktop/MyProject/OpenMIPS/OpenMIPS.srcs/sources_1/new/inst_rom.v:17]
WARNING: [Synth 8-3848] Net inst_mem[25] in module/entity inst_rom does not have driver. [C:/Users/LMX/Desktop/MyProject/OpenMIPS/OpenMIPS.srcs/sources_1/new/inst_rom.v:17]
WARNING: [Synth 8-3848] Net inst_mem[26] in module/entity inst_rom does not have driver. [C:/Users/LMX/Desktop/MyProject/OpenMIPS/OpenMIPS.srcs/sources_1/new/inst_rom.v:17]
WARNING: [Synth 8-3848] Net inst_mem[27] in module/entity inst_rom does not have driver. [C:/Users/LMX/Desktop/MyProject/OpenMIPS/OpenMIPS.srcs/sources_1/new/inst_rom.v:17]
WARNING: [Synth 8-3848] Net inst_mem[28] in module/entity inst_rom does not have driver. [C:/Users/LMX/Desktop/MyProject/OpenMIPS/OpenMIPS.srcs/sources_1/new/inst_rom.v:17]
WARNING: [Synth 8-3848] Net inst_mem[29] in module/entity inst_rom does not have driver. [C:/Users/LMX/Desktop/MyProject/OpenMIPS/OpenMIPS.srcs/sources_1/new/inst_rom.v:17]
WARNING: [Synth 8-3848] Net inst_mem[30] in module/entity inst_rom does not have driver. [C:/Users/LMX/Desktop/MyProject/OpenMIPS/OpenMIPS.srcs/sources_1/new/inst_rom.v:17]
WARNING: [Synth 8-3848] Net inst_mem[31] in module/entity inst_rom does not have driver. [C:/Users/LMX/Desktop/MyProject/OpenMIPS/OpenMIPS.srcs/sources_1/new/inst_rom.v:17]
WARNING: [Synth 8-3848] Net inst_mem[32] in module/entity inst_rom does not have driver. [C:/Users/LMX/Desktop/MyProject/OpenMIPS/OpenMIPS.srcs/sources_1/new/inst_rom.v:17]
WARNING: [Synth 8-3848] Net inst_mem[33] in module/entity inst_rom does not have driver. [C:/Users/LMX/Desktop/MyProject/OpenMIPS/OpenMIPS.srcs/sources_1/new/inst_rom.v:17]
WARNING: [Synth 8-3848] Net inst_mem[34] in module/entity inst_rom does not have driver. [C:/Users/LMX/Desktop/MyProject/OpenMIPS/OpenMIPS.srcs/sources_1/new/inst_rom.v:17]
WARNING: [Synth 8-3848] Net inst_mem[35] in module/entity inst_rom does not have driver. [C:/Users/LMX/Desktop/MyProject/OpenMIPS/OpenMIPS.srcs/sources_1/new/inst_rom.v:17]
WARNING: [Synth 8-3848] Net inst_mem[36] in module/entity inst_rom does not have driver. [C:/Users/LMX/Desktop/MyProject/OpenMIPS/OpenMIPS.srcs/sources_1/new/inst_rom.v:17]
WARNING: [Synth 8-3848] Net inst_mem[37] in module/entity inst_rom does not have driver. [C:/Users/LMX/Desktop/MyProject/OpenMIPS/OpenMIPS.srcs/sources_1/new/inst_rom.v:17]
WARNING: [Synth 8-3848] Net inst_mem[38] in module/entity inst_rom does not have driver. [C:/Users/LMX/Desktop/MyProject/OpenMIPS/OpenMIPS.srcs/sources_1/new/inst_rom.v:17]
WARNING: [Synth 8-3848] Net inst_mem[39] in module/entity inst_rom does not have driver. [C:/Users/LMX/Desktop/MyProject/OpenMIPS/OpenMIPS.srcs/sources_1/new/inst_rom.v:17]
WARNING: [Synth 8-3848] Net inst_mem[40] in module/entity inst_rom does not have driver. [C:/Users/LMX/Desktop/MyProject/OpenMIPS/OpenMIPS.srcs/sources_1/new/inst_rom.v:17]
WARNING: [Synth 8-3848] Net inst_mem[41] in module/entity inst_rom does not have driver. [C:/Users/LMX/Desktop/MyProject/OpenMIPS/OpenMIPS.srcs/sources_1/new/inst_rom.v:17]
WARNING: [Synth 8-3848] Net inst_mem[42] in module/entity inst_rom does not have driver. [C:/Users/LMX/Desktop/MyProject/OpenMIPS/OpenMIPS.srcs/sources_1/new/inst_rom.v:17]
WARNING: [Synth 8-3848] Net inst_mem[43] in module/entity inst_rom does not have driver. [C:/Users/LMX/Desktop/MyProject/OpenMIPS/OpenMIPS.srcs/sources_1/new/inst_rom.v:17]
WARNING: [Synth 8-3848] Net inst_mem[44] in module/entity inst_rom does not have driver. [C:/Users/LMX/Desktop/MyProject/OpenMIPS/OpenMIPS.srcs/sources_1/new/inst_rom.v:17]
WARNING: [Synth 8-3848] Net inst_mem[45] in module/entity inst_rom does not have driver. [C:/Users/LMX/Desktop/MyProject/OpenMIPS/OpenMIPS.srcs/sources_1/new/inst_rom.v:17]
WARNING: [Synth 8-3848] Net inst_mem[46] in module/entity inst_rom does not have driver. [C:/Users/LMX/Desktop/MyProject/OpenMIPS/OpenMIPS.srcs/sources_1/new/inst_rom.v:17]
WARNING: [Synth 8-3848] Net inst_mem[47] in module/entity inst_rom does not have driver. [C:/Users/LMX/Desktop/MyProject/OpenMIPS/OpenMIPS.srcs/sources_1/new/inst_rom.v:17]
WARNING: [Synth 8-3848] Net inst_mem[48] in module/entity inst_rom does not have driver. [C:/Users/LMX/Desktop/MyProject/OpenMIPS/OpenMIPS.srcs/sources_1/new/inst_rom.v:17]
WARNING: [Synth 8-3848] Net inst_mem[49] in module/entity inst_rom does not have driver. [C:/Users/LMX/Desktop/MyProject/OpenMIPS/OpenMIPS.srcs/sources_1/new/inst_rom.v:17]
WARNING: [Synth 8-3848] Net inst_mem[50] in module/entity inst_rom does not have driver. [C:/Users/LMX/Desktop/MyProject/OpenMIPS/OpenMIPS.srcs/sources_1/new/inst_rom.v:17]
WARNING: [Synth 8-3848] Net inst_mem[51] in module/entity inst_rom does not have driver. [C:/Users/LMX/Desktop/MyProject/OpenMIPS/OpenMIPS.srcs/sources_1/new/inst_rom.v:17]
WARNING: [Synth 8-3848] Net inst_mem[52] in module/entity inst_rom does not have driver. [C:/Users/LMX/Desktop/MyProject/OpenMIPS/OpenMIPS.srcs/sources_1/new/inst_rom.v:17]
WARNING: [Synth 8-3848] Net inst_mem[53] in module/entity inst_rom does not have driver. [C:/Users/LMX/Desktop/MyProject/OpenMIPS/OpenMIPS.srcs/sources_1/new/inst_rom.v:17]
WARNING: [Synth 8-3848] Net inst_mem[54] in module/entity inst_rom does not have driver. [C:/Users/LMX/Desktop/MyProject/OpenMIPS/OpenMIPS.srcs/sources_1/new/inst_rom.v:17]
WARNING: [Synth 8-3848] Net inst_mem[55] in module/entity inst_rom does not have driver. [C:/Users/LMX/Desktop/MyProject/OpenMIPS/OpenMIPS.srcs/sources_1/new/inst_rom.v:17]
WARNING: [Synth 8-3848] Net inst_mem[56] in module/entity inst_rom does not have driver. [C:/Users/LMX/Desktop/MyProject/OpenMIPS/OpenMIPS.srcs/sources_1/new/inst_rom.v:17]
WARNING: [Synth 8-3848] Net inst_mem[57] in module/entity inst_rom does not have driver. [C:/Users/LMX/Desktop/MyProject/OpenMIPS/OpenMIPS.srcs/sources_1/new/inst_rom.v:17]
WARNING: [Synth 8-3848] Net inst_mem[58] in module/entity inst_rom does not have driver. [C:/Users/LMX/Desktop/MyProject/OpenMIPS/OpenMIPS.srcs/sources_1/new/inst_rom.v:17]
WARNING: [Synth 8-3848] Net inst_mem[59] in module/entity inst_rom does not have driver. [C:/Users/LMX/Desktop/MyProject/OpenMIPS/OpenMIPS.srcs/sources_1/new/inst_rom.v:17]
WARNING: [Synth 8-3848] Net inst_mem[60] in module/entity inst_rom does not have driver. [C:/Users/LMX/Desktop/MyProject/OpenMIPS/OpenMIPS.srcs/sources_1/new/inst_rom.v:17]
WARNING: [Synth 8-3848] Net inst_mem[61] in module/entity inst_rom does not have driver. [C:/Users/LMX/Desktop/MyProject/OpenMIPS/OpenMIPS.srcs/sources_1/new/inst_rom.v:17]
WARNING: [Synth 8-3848] Net inst_mem[62] in module/entity inst_rom does not have driver. [C:/Users/LMX/Desktop/MyProject/OpenMIPS/OpenMIPS.srcs/sources_1/new/inst_rom.v:17]
WARNING: [Synth 8-3848] Net inst_mem[63] in module/entity inst_rom does not have driver. [C:/Users/LMX/Desktop/MyProject/OpenMIPS/OpenMIPS.srcs/sources_1/new/inst_rom.v:17]
WARNING: [Synth 8-3848] Net inst_mem[64] in module/entity inst_rom does not have driver. [C:/Users/LMX/Desktop/MyProject/OpenMIPS/OpenMIPS.srcs/sources_1/new/inst_rom.v:17]
WARNING: [Synth 8-3848] Net inst_mem[65] in module/entity inst_rom does not have driver. [C:/Users/LMX/Desktop/MyProject/OpenMIPS/OpenMIPS.srcs/sources_1/new/inst_rom.v:17]
WARNING: [Synth 8-3848] Net inst_mem[66] in module/entity inst_rom does not have driver. [C:/Users/LMX/Desktop/MyProject/OpenMIPS/OpenMIPS.srcs/sources_1/new/inst_rom.v:17]
WARNING: [Synth 8-3848] Net inst_mem[67] in module/entity inst_rom does not have driver. [C:/Users/LMX/Desktop/MyProject/OpenMIPS/OpenMIPS.srcs/sources_1/new/inst_rom.v:17]
WARNING: [Synth 8-3848] Net inst_mem[68] in module/entity inst_rom does not have driver. [C:/Users/LMX/Desktop/MyProject/OpenMIPS/OpenMIPS.srcs/sources_1/new/inst_rom.v:17]
WARNING: [Synth 8-3848] Net inst_mem[69] in module/entity inst_rom does not have driver. [C:/Users/LMX/Desktop/MyProject/OpenMIPS/OpenMIPS.srcs/sources_1/new/inst_rom.v:17]
WARNING: [Synth 8-3848] Net inst_mem[70] in module/entity inst_rom does not have driver. [C:/Users/LMX/Desktop/MyProject/OpenMIPS/OpenMIPS.srcs/sources_1/new/inst_rom.v:17]
WARNING: [Synth 8-3848] Net inst_mem[71] in module/entity inst_rom does not have driver. [C:/Users/LMX/Desktop/MyProject/OpenMIPS/OpenMIPS.srcs/sources_1/new/inst_rom.v:17]
WARNING: [Synth 8-3848] Net inst_mem[72] in module/entity inst_rom does not have driver. [C:/Users/LMX/Desktop/MyProject/OpenMIPS/OpenMIPS.srcs/sources_1/new/inst_rom.v:17]
WARNING: [Synth 8-3848] Net inst_mem[73] in module/entity inst_rom does not have driver. [C:/Users/LMX/Desktop/MyProject/OpenMIPS/OpenMIPS.srcs/sources_1/new/inst_rom.v:17]
WARNING: [Synth 8-3848] Net inst_mem[74] in module/entity inst_rom does not have driver. [C:/Users/LMX/Desktop/MyProject/OpenMIPS/OpenMIPS.srcs/sources_1/new/inst_rom.v:17]
WARNING: [Synth 8-3848] Net inst_mem[75] in module/entity inst_rom does not have driver. [C:/Users/LMX/Desktop/MyProject/OpenMIPS/OpenMIPS.srcs/sources_1/new/inst_rom.v:17]
WARNING: [Synth 8-3848] Net inst_mem[76] in module/entity inst_rom does not have driver. [C:/Users/LMX/Desktop/MyProject/OpenMIPS/OpenMIPS.srcs/sources_1/new/inst_rom.v:17]
WARNING: [Synth 8-3848] Net inst_mem[77] in module/entity inst_rom does not have driver. [C:/Users/LMX/Desktop/MyProject/OpenMIPS/OpenMIPS.srcs/sources_1/new/inst_rom.v:17]
WARNING: [Synth 8-3848] Net inst_mem[78] in module/entity inst_rom does not have driver. [C:/Users/LMX/Desktop/MyProject/OpenMIPS/OpenMIPS.srcs/sources_1/new/inst_rom.v:17]
WARNING: [Synth 8-3848] Net inst_mem[79] in module/entity inst_rom does not have driver. [C:/Users/LMX/Desktop/MyProject/OpenMIPS/OpenMIPS.srcs/sources_1/new/inst_rom.v:17]
WARNING: [Synth 8-3848] Net inst_mem[80] in module/entity inst_rom does not have driver. [C:/Users/LMX/Desktop/MyProject/OpenMIPS/OpenMIPS.srcs/sources_1/new/inst_rom.v:17]
WARNING: [Synth 8-3848] Net inst_mem[81] in module/entity inst_rom does not have driver. [C:/Users/LMX/Desktop/MyProject/OpenMIPS/OpenMIPS.srcs/sources_1/new/inst_rom.v:17]
WARNING: [Synth 8-3848] Net inst_mem[82] in module/entity inst_rom does not have driver. [C:/Users/LMX/Desktop/MyProject/OpenMIPS/OpenMIPS.srcs/sources_1/new/inst_rom.v:17]
WARNING: [Synth 8-3848] Net inst_mem[83] in module/entity inst_rom does not have driver. [C:/Users/LMX/Desktop/MyProject/OpenMIPS/OpenMIPS.srcs/sources_1/new/inst_rom.v:17]
WARNING: [Synth 8-3848] Net inst_mem[84] in module/entity inst_rom does not have driver. [C:/Users/LMX/Desktop/MyProject/OpenMIPS/OpenMIPS.srcs/sources_1/new/inst_rom.v:17]
WARNING: [Synth 8-3848] Net inst_mem[85] in module/entity inst_rom does not have driver. [C:/Users/LMX/Desktop/MyProject/OpenMIPS/OpenMIPS.srcs/sources_1/new/inst_rom.v:17]
WARNING: [Synth 8-3848] Net inst_mem[86] in module/entity inst_rom does not have driver. [C:/Users/LMX/Desktop/MyProject/OpenMIPS/OpenMIPS.srcs/sources_1/new/inst_rom.v:17]
WARNING: [Synth 8-3848] Net inst_mem[87] in module/entity inst_rom does not have driver. [C:/Users/LMX/Desktop/MyProject/OpenMIPS/OpenMIPS.srcs/sources_1/new/inst_rom.v:17]
WARNING: [Synth 8-3848] Net inst_mem[88] in module/entity inst_rom does not have driver. [C:/Users/LMX/Desktop/MyProject/OpenMIPS/OpenMIPS.srcs/sources_1/new/inst_rom.v:17]
WARNING: [Synth 8-3848] Net inst_mem[89] in module/entity inst_rom does not have driver. [C:/Users/LMX/Desktop/MyProject/OpenMIPS/OpenMIPS.srcs/sources_1/new/inst_rom.v:17]
WARNING: [Synth 8-3848] Net inst_mem[90] in module/entity inst_rom does not have driver. [C:/Users/LMX/Desktop/MyProject/OpenMIPS/OpenMIPS.srcs/sources_1/new/inst_rom.v:17]
WARNING: [Synth 8-3848] Net inst_mem[91] in module/entity inst_rom does not have driver. [C:/Users/LMX/Desktop/MyProject/OpenMIPS/OpenMIPS.srcs/sources_1/new/inst_rom.v:17]
WARNING: [Synth 8-3848] Net inst_mem[92] in module/entity inst_rom does not have driver. [C:/Users/LMX/Desktop/MyProject/OpenMIPS/OpenMIPS.srcs/sources_1/new/inst_rom.v:17]
WARNING: [Synth 8-3848] Net inst_mem[93] in module/entity inst_rom does not have driver. [C:/Users/LMX/Desktop/MyProject/OpenMIPS/OpenMIPS.srcs/sources_1/new/inst_rom.v:17]
WARNING: [Synth 8-3848] Net inst_mem[94] in module/entity inst_rom does not have driver. [C:/Users/LMX/Desktop/MyProject/OpenMIPS/OpenMIPS.srcs/sources_1/new/inst_rom.v:17]
WARNING: [Synth 8-3848] Net inst_mem[95] in module/entity inst_rom does not have driver. [C:/Users/LMX/Desktop/MyProject/OpenMIPS/OpenMIPS.srcs/sources_1/new/inst_rom.v:17]
WARNING: [Synth 8-3848] Net inst_mem[96] in module/entity inst_rom does not have driver. [C:/Users/LMX/Desktop/MyProject/OpenMIPS/OpenMIPS.srcs/sources_1/new/inst_rom.v:17]
WARNING: [Synth 8-3848] Net inst_mem[97] in module/entity inst_rom does not have driver. [C:/Users/LMX/Desktop/MyProject/OpenMIPS/OpenMIPS.srcs/sources_1/new/inst_rom.v:17]
WARNING: [Synth 8-3848] Net inst_mem[98] in module/entity inst_rom does not have driver. [C:/Users/LMX/Desktop/MyProject/OpenMIPS/OpenMIPS.srcs/sources_1/new/inst_rom.v:17]
WARNING: [Synth 8-3848] Net inst_mem[99] in module/entity inst_rom does not have driver. [C:/Users/LMX/Desktop/MyProject/OpenMIPS/OpenMIPS.srcs/sources_1/new/inst_rom.v:17]
WARNING: [Synth 8-3848] Net inst_mem[100] in module/entity inst_rom does not have driver. [C:/Users/LMX/Desktop/MyProject/OpenMIPS/OpenMIPS.srcs/sources_1/new/inst_rom.v:17]
WARNING: [Synth 8-3848] Net inst_mem[101] in module/entity inst_rom does not have driver. [C:/Users/LMX/Desktop/MyProject/OpenMIPS/OpenMIPS.srcs/sources_1/new/inst_rom.v:17]
WARNING: [Synth 8-3848] Net inst_mem[102] in module/entity inst_rom does not have driver. [C:/Users/LMX/Desktop/MyProject/OpenMIPS/OpenMIPS.srcs/sources_1/new/inst_rom.v:17]
WARNING: [Synth 8-3848] Net inst_mem[103] in module/entity inst_rom does not have driver. [C:/Users/LMX/Desktop/MyProject/OpenMIPS/OpenMIPS.srcs/sources_1/new/inst_rom.v:17]
INFO: [Common 17-14] Message 'Synth 8-3848' appears 100 times and further instances of the messages will be disabled. Use the Tcl command set_msg_config to change the current settings.
INFO: [Synth 8-256] done synthesizing module 'inst_rom' (11#1) [C:/Users/LMX/Desktop/MyProject/OpenMIPS/OpenMIPS.srcs/sources_1/new/inst_rom.v:6]
INFO: [Synth 8-638] synthesizing module 'clk_div' [C:/Users/LMX/Desktop/MyProject/OpenMIPS/OpenMIPS.srcs/sources_1/new/clk_div.v:9]
INFO: [Synth 8-256] done synthesizing module 'clk_div' (12#1) [C:/Users/LMX/Desktop/MyProject/OpenMIPS/OpenMIPS.srcs/sources_1/new/clk_div.v:9]
INFO: [Synth 8-638] synthesizing module 'regfile_display' [C:/Users/LMX/Desktop/MyProject/OpenMIPS/OpenMIPS.srcs/sources_1/new/regfile_display.v:32]
INFO: [Synth 8-226] default block is never used [C:/Users/LMX/Desktop/MyProject/OpenMIPS/OpenMIPS.srcs/sources_1/new/regfile_display.v:74]
INFO: [Synth 8-226] default block is never used [C:/Users/LMX/Desktop/MyProject/OpenMIPS/OpenMIPS.srcs/sources_1/new/regfile_display.v:83]
INFO: [Synth 8-226] default block is never used [C:/Users/LMX/Desktop/MyProject/OpenMIPS/OpenMIPS.srcs/sources_1/new/regfile_display.v:94]
INFO: [Synth 8-226] default block is never used [C:/Users/LMX/Desktop/MyProject/OpenMIPS/OpenMIPS.srcs/sources_1/new/regfile_display.v:117]
INFO: [Synth 8-256] done synthesizing module 'regfile_display' (13#1) [C:/Users/LMX/Desktop/MyProject/OpenMIPS/OpenMIPS.srcs/sources_1/new/regfile_display.v:32]
INFO: [Synth 8-256] done synthesizing module 'openmips_min_sopc' (14#1) [C:/Users/LMX/Desktop/MyProject/OpenMIPS/OpenMIPS.srcs/sources_1/new/openmips_min_sopc.v:7]
---------------------------------------------------------------------------------
Finished RTL Elaboration : Time (s): cpu = 00:00:18 ; elapsed = 00:00:27 . Memory (MB): peak = 377.340 ; gain = 205.363
---------------------------------------------------------------------------------

Report Check Netlist: 
+------+------------------+-------+---------+-------+------------------+
|      |Item              |Errors |Warnings |Status |Description       |
+------+------------------+-------+---------+-------+------------------+
|1     |multi_driven_nets |      0|        0|Passed |Multi driven nets |
+------+------------------+-------+---------+-------+------------------+
---------------------------------------------------------------------------------
Finished RTL Optimization Phase 1 : Time (s): cpu = 00:00:19 ; elapsed = 00:00:29 . Memory (MB): peak = 377.340 ; gain = 205.363
---------------------------------------------------------------------------------
INFO: [Device 21-403] Loading part xc7a35ticpg236-1L
INFO: [Project 1-570] Preparing netlist for logic optimization

Processing XDC Constraints
Initializing timing engine
Parsing XDC File [C:/Users/LMX/Desktop/MyProject/OpenMIPS/OpenMIPS.srcs/constrs_1/new/openmips_display.xdc]
Finished Parsing XDC File [C:/Users/LMX/Desktop/MyProject/OpenMIPS/OpenMIPS.srcs/constrs_1/new/openmips_display.xdc]
INFO: [Project 1-236] Implementation specific constraints were found while reading constraint file [C:/Users/LMX/Desktop/MyProject/OpenMIPS/OpenMIPS.srcs/constrs_1/new/openmips_display.xdc]. These constraints will be ignored for synthesis but will be used in implementation. Impacted constraints are listed in the file [.Xil/openmips_min_sopc_propImpl.xdc].
Resolution: To avoid this warning, move constraints listed in [.Xil/openmips_min_sopc_propImpl.xdc] to another XDC file and exclude this new file from synthesis with the used_in_synthesis property (File Properties dialog in GUI) and re-run elaboration/synthesis.
Completed Processing XDC Constraints

INFO: [Project 1-111] Unisim Transformation Summary:
No Unisim elements were transformed.

Constraint Validation Runtime : Time (s): cpu = 00:00:00 ; elapsed = 00:00:00.026 . Memory (MB): peak = 644.469 ; gain = 0.000
---------------------------------------------------------------------------------
Finished Constraint Validation : Time (s): cpu = 00:00:43 ; elapsed = 00:00:57 . Memory (MB): peak = 644.469 ; gain = 472.492
---------------------------------------------------------------------------------
---------------------------------------------------------------------------------
Start Loading Part and Timing Information
---------------------------------------------------------------------------------
Loading part: xc7a35ticpg236-1L
---------------------------------------------------------------------------------
Finished Loading Part and Timing Information : Time (s): cpu = 00:00:43 ; elapsed = 00:00:57 . Memory (MB): peak = 644.469 ; gain = 472.492
---------------------------------------------------------------------------------
---------------------------------------------------------------------------------
Start Applying 'set_property' XDC Constraints
---------------------------------------------------------------------------------
---------------------------------------------------------------------------------
Finished applying 'set_property' XDC Constraints : Time (s): cpu = 00:00:43 ; elapsed = 00:00:58 . Memory (MB): peak = 644.469 ; gain = 472.492
---------------------------------------------------------------------------------
INFO: [Synth 8-5546] ROM "wreg_o" won't be mapped to RAM because it is too sparse
INFO: [Synth 8-5546] ROM "aluop_o" won't be mapped to RAM because it is too sparse
WARNING: [Synth 8-327] inferring latch for variable 'reg2_addr_o_reg' [C:/Users/LMX/Desktop/MyProject/OpenMIPS/OpenMIPS.srcs/sources_1/new/id.v:57]
WARNING: [Synth 8-327] inferring latch for variable 'inst_mem_reg[0]' [C:/Users/LMX/Desktop/MyProject/OpenMIPS/OpenMIPS.srcs/sources_1/new/inst_rom.v:28]
WARNING: [Synth 8-327] inferring latch for variable 'inst_mem_reg[1]' [C:/Users/LMX/Desktop/MyProject/OpenMIPS/OpenMIPS.srcs/sources_1/new/inst_rom.v:28]
WARNING: [Synth 8-327] inferring latch for variable 'inst_mem_reg[2]' [C:/Users/LMX/Desktop/MyProject/OpenMIPS/OpenMIPS.srcs/sources_1/new/inst_rom.v:28]
WARNING: [Synth 8-327] inferring latch for variable 'inst_mem_reg[3]' [C:/Users/LMX/Desktop/MyProject/OpenMIPS/OpenMIPS.srcs/sources_1/new/inst_rom.v:28]
---------------------------------------------------------------------------------
Finished RTL Optimization Phase 2 : Time (s): cpu = 00:00:53 ; elapsed = 00:01:08 . Memory (MB): peak = 644.469 ; gain = 472.492
---------------------------------------------------------------------------------

Report RTL Partitions: 
+------+-----------------------+------------+----------+
|      |RTL Partition          |Replication |Instances |
+------+-----------------------+------------+----------+
|1     |muxpart__5             |           1|    131040|
|2     |case__11__GD           |           1|        32|
|3     |inst_rom__GB2          |           1|       128|
|4     |openmips_min_sopc__GC0 |           1|      2162|
+------+-----------------------+------------+----------+
---------------------------------------------------------------------------------
Start RTL Component Statistics 
---------------------------------------------------------------------------------
Detailed RTL Component Info : 
+---Adders : 
	   2 Input      2 Bit       Adders := 1     
+---Registers : 
	               32 Bit    Registers := 6     
	                8 Bit    Registers := 1     
	                5 Bit    Registers := 3     
	                3 Bit    Registers := 1     
	                2 Bit    Registers := 1     
	                1 Bit    Registers := 5     
+---RAMs : 
	             1024 Bit         RAMs := 1     
+---Muxes : 
	   2 Input     32 Bit        Muxes := 18    
	   2 Input     16 Bit        Muxes := 2     
	  16 Input      7 Bit        Muxes := 1     
	   3 Input      6 Bit        Muxes := 1     
	   2 Input      5 Bit        Muxes := 3     
	   4 Input      4 Bit        Muxes := 2     
	   2 Input      1 Bit        Muxes := 4     
---------------------------------------------------------------------------------
Finished RTL Component Statistics 
---------------------------------------------------------------------------------
---------------------------------------------------------------------------------
Start RTL Hierarchical Component Statistics 
---------------------------------------------------------------------------------
Hierarchical RTL Component report 
Module inst_rom 
Detailed RTL Component Info : 
+---Muxes : 
	   2 Input     32 Bit        Muxes := 1     
Module pc_reg 
Detailed RTL Component Info : 
+---Registers : 
	                1 Bit    Registers := 1     
Module if_id 
Detailed RTL Component Info : 
+---Registers : 
	               32 Bit    Registers := 2     
Module id 
Detailed RTL Component Info : 
+---Muxes : 
	   2 Input     32 Bit        Muxes := 4     
	   2 Input     16 Bit        Muxes := 1     
	   3 Input      6 Bit        Muxes := 1     
	   2 Input      5 Bit        Muxes := 2     
	   2 Input      1 Bit        Muxes := 2     
Module regfile 
Detailed RTL Component Info : 
+---RAMs : 
	             1024 Bit         RAMs := 1     
+---Muxes : 
	   2 Input     32 Bit        Muxes := 10    
Module id_ex 
Detailed RTL Component Info : 
+---Registers : 
	               32 Bit    Registers := 2     
	                8 Bit    Registers := 1     
	                5 Bit    Registers := 1     
	                3 Bit    Registers := 1     
	                1 Bit    Registers := 1     
Module ex 
Detailed RTL Component Info : 
+---Muxes : 
	   2 Input     32 Bit        Muxes := 2     
Module ex_mem 
Detailed RTL Component Info : 
+---Registers : 
	               32 Bit    Registers := 1     
	                5 Bit    Registers := 1     
	                1 Bit    Registers := 1     
Module mem 
Detailed RTL Component Info : 
+---Muxes : 
	   2 Input     32 Bit        Muxes := 1     
	   2 Input      5 Bit        Muxes := 1     
Module mem_wb 
Detailed RTL Component Info : 
+---Registers : 
	               32 Bit    Registers := 1     
	                5 Bit    Registers := 1     
	                1 Bit    Registers := 1     
Module clk_div 
Detailed RTL Component Info : 
+---Registers : 
	                1 Bit    Registers := 1     
+---Muxes : 
	   2 Input      1 Bit        Muxes := 1     
Module regfile_display 
Detailed RTL Component Info : 
+---Adders : 
	   2 Input      2 Bit       Adders := 1     
+---Registers : 
	                2 Bit    Registers := 1     
+---Muxes : 
	   2 Input     16 Bit        Muxes := 1     
	  16 Input      7 Bit        Muxes := 1     
	   4 Input      4 Bit        Muxes := 2     
	   2 Input      1 Bit        Muxes := 1     
---------------------------------------------------------------------------------
Finished RTL Hierarchical Component Statistics
---------------------------------------------------------------------------------
---------------------------------------------------------------------------------
Start Part Resource Summary
---------------------------------------------------------------------------------
Part Resources:
DSPs: 90 (col length:60)
BRAMs: 100 (col length: RAMB18 60 RAMB36 30)
---------------------------------------------------------------------------------
Finished Part Resource Summary
---------------------------------------------------------------------------------
Start Parallel Synthesis Optimization  : Time (s): cpu = 00:00:55 ; elapsed = 00:01:10 . Memory (MB): peak = 644.469 ; gain = 472.492
---------------------------------------------------------------------------------
Start Cross Boundary Optimization
---------------------------------------------------------------------------------
---------------------------------------------------------------------------------
Finished Cross Boundary Optimization : Time (s): cpu = 00:00:56 ; elapsed = 00:01:12 . Memory (MB): peak = 644.469 ; gain = 472.492
---------------------------------------------------------------------------------
Finished Parallel Reinference  : Time (s): cpu = 00:00:56 ; elapsed = 00:01:12 . Memory (MB): peak = 644.469 ; gain = 472.492

Report RTL Partitions: 
+------+-----------------------+------------+----------+
|      |RTL Partition          |Replication |Instances |
+------+-----------------------+------------+----------+
|1     |muxpart__5             |           1|    131040|
|2     |case__11__GD           |           1|        64|
|3     |inst_rom__GB2          |           1|       128|
|4     |openmips_min_sopc__GC0 |           1|      2062|
+------+-----------------------+------------+----------+
---------------------------------------------------------------------------------
Start ROM, RAM, DSP and Shift Register Reporting
---------------------------------------------------------------------------------

Distributed RAM: 
+-----------------------+-----------------------------+-----------+----------------------+---------------+-------------------+
|Module Name            | RTL Object                  | Inference | Size (Depth x Width) | Primitives    | Hierarchical Name | 
+-----------------------+-----------------------------+-----------+----------------------+---------------+-------------------+
|openmips_min_sopc__GC0 | openmips0/regfile1/regs_reg | Implied   | 32 x 32              | RAM32M x 18   | ram__1            | 
+-----------------------+-----------------------------+-----------+----------------------+---------------+-------------------+

Note: The table above shows the Distributed RAMs at the current stage of the synthesis flow. Some Distributed RAMs may be reimplemented as non Distributed RAM primitives later in the synthesis flow. Multiple instantiated RAMs are reported only once. "Hierarchical Name" reflects the Distributed RAM name as it appears in the hierarchical module and only part of it is displayed.
---------------------------------------------------------------------------------
Finished ROM, RAM, DSP and Shift Register Reporting
---------------------------------------------------------------------------------
---------------------------------------------------------------------------------
Start Area Optimization
---------------------------------------------------------------------------------
INFO: [Synth 8-3886] merging instance 'inst_rom0i_1/\inst_mem_reg[3][0] ' (LD) to 'inst_rom0i_1/\inst_mem_reg[0][0] '
INFO: [Synth 8-3886] merging instance 'inst_rom0i_1/\inst_mem_reg[3][1] ' (LD) to 'inst_rom0i_1/\inst_mem_reg[0][0] '
INFO: [Synth 8-3886] merging instance 'inst_rom0i_1/\inst_mem_reg[3][2] ' (LD) to 'inst_rom0i_1/\inst_mem_reg[0][0] '
INFO: [Synth 8-3886] merging instance 'inst_rom0i_1/\inst_mem_reg[3][3] ' (LD) to 'inst_rom0i_1/\inst_mem_reg[0][0] '
INFO: [Synth 8-3886] merging instance 'inst_rom0i_1/\inst_mem_reg[3][4] ' (LD) to 'inst_rom0i_1/\inst_mem_reg[0][2] '
INFO: [Synth 8-3886] merging instance 'inst_rom0i_1/\inst_mem_reg[3][5] ' (LD) to 'inst_rom0i_1/\inst_mem_reg[0][0] '
INFO: [Synth 8-3886] merging instance 'inst_rom0i_1/\inst_mem_reg[3][6] ' (LD) to 'inst_rom0i_1/\inst_mem_reg[0][0] '
INFO: [Synth 8-3886] merging instance 'inst_rom0i_1/\inst_mem_reg[3][7] ' (LD) to 'inst_rom0i_1/\inst_mem_reg[0][0] '
INFO: [Synth 8-3886] merging instance 'inst_rom0i_1/\inst_mem_reg[3][8] ' (LD) to 'inst_rom0i_1/\inst_mem_reg[0][0] '
INFO: [Synth 8-3886] merging instance 'inst_rom0i_1/\inst_mem_reg[3][9] ' (LD) to 'inst_rom0i_1/\inst_mem_reg[0][2] '
INFO: [Synth 8-3886] merging instance 'inst_rom0i_1/\inst_mem_reg[3][10] ' (LD) to 'inst_rom0i_1/\inst_mem_reg[0][0] '
INFO: [Synth 8-3886] merging instance 'inst_rom0i_1/\inst_mem_reg[3][11] ' (LD) to 'inst_rom0i_1/\inst_mem_reg[0][0] '
INFO: [Synth 8-3886] merging instance 'inst_rom0i_1/\inst_mem_reg[3][12] ' (LD) to 'inst_rom0i_1/\inst_mem_reg[0][2] '
INFO: [Synth 8-3886] merging instance 'inst_rom0i_1/\inst_mem_reg[3][13] ' (LD) to 'inst_rom0i_1/\inst_mem_reg[0][2] '
INFO: [Synth 8-3886] merging instance 'inst_rom0i_1/\inst_mem_reg[3][14] ' (LD) to 'inst_rom0i_1/\inst_mem_reg[0][0] '
INFO: [Synth 8-3886] merging instance 'inst_rom0i_1/\inst_mem_reg[3][15] ' (LD) to 'inst_rom0i_1/\inst_mem_reg[0][0] '
INFO: [Synth 8-3886] merging instance 'inst_rom0i_1/\inst_mem_reg[3][16] ' (LD) to 'inst_rom0i_1/\inst_mem_reg[0][2] '
INFO: [Synth 8-3886] merging instance 'inst_rom0i_1/\inst_mem_reg[3][17] ' (LD) to 'inst_rom0i_1/\inst_mem_reg[0][2] '
INFO: [Synth 8-3886] merging instance 'inst_rom0i_1/\inst_mem_reg[3][18] ' (LD) to 'inst_rom0i_1/\inst_mem_reg[0][0] '
INFO: [Synth 8-3886] merging instance 'inst_rom0i_1/\inst_mem_reg[3][19] ' (LD) to 'inst_rom0i_1/\inst_mem_reg[0][2] '
INFO: [Synth 8-3886] merging instance 'inst_rom0i_1/\inst_mem_reg[3][20] ' (LD) to 'inst_rom0i_1/\inst_mem_reg[0][2] '
INFO: [Synth 8-3886] merging instance 'inst_rom0i_1/\inst_mem_reg[3][21] ' (LD) to 'inst_rom0i_1/\inst_mem_reg[0][2] '
INFO: [Synth 8-3886] merging instance 'inst_rom0i_1/\inst_mem_reg[3][22] ' (LD) to 'inst_rom0i_1/\inst_mem_reg[0][2] '
INFO: [Synth 8-3886] merging instance 'inst_rom0i_1/\inst_mem_reg[3][23] ' (LD) to 'inst_rom0i_1/\inst_mem_reg[0][2] '
INFO: [Synth 8-3886] merging instance 'inst_rom0i_1/\inst_mem_reg[3][24] ' (LD) to 'inst_rom0i_1/\inst_mem_reg[0][2] '
INFO: [Synth 8-3886] merging instance 'inst_rom0i_1/\inst_mem_reg[3][25] ' (LD) to 'inst_rom0i_1/\inst_mem_reg[0][2] '
INFO: [Synth 8-3886] merging instance 'inst_rom0i_1/\inst_mem_reg[3][26] ' (LD) to 'inst_rom0i_1/\inst_mem_reg[0][0] '
INFO: [Synth 8-3886] merging instance 'inst_rom0i_1/\inst_mem_reg[3][27] ' (LD) to 'inst_rom0i_1/\inst_mem_reg[0][2] '
INFO: [Synth 8-3886] merging instance 'inst_rom0i_1/\inst_mem_reg[3][28] ' (LD) to 'inst_rom0i_1/\inst_mem_reg[0][0] '
INFO: [Synth 8-3886] merging instance 'inst_rom0i_1/\inst_mem_reg[3][29] ' (LD) to 'inst_rom0i_1/\inst_mem_reg[0][0] '
INFO: [Synth 8-3886] merging instance 'inst_rom0i_1/\inst_mem_reg[3][30] ' (LD) to 'inst_rom0i_1/\inst_mem_reg[0][2] '
INFO: [Synth 8-3886] merging instance 'inst_rom0i_1/\inst_mem_reg[3][31] ' (LD) to 'inst_rom0i_1/\inst_mem_reg[0][2] '
INFO: [Synth 8-3886] merging instance 'inst_rom0i_1/\inst_mem_reg[2][0] ' (LD) to 'inst_rom0i_1/\inst_mem_reg[0][0] '
INFO: [Synth 8-3886] merging instance 'inst_rom0i_1/\inst_mem_reg[2][1] ' (LD) to 'inst_rom0i_1/\inst_mem_reg[0][0] '
INFO: [Synth 8-3886] merging instance 'inst_rom0i_1/\inst_mem_reg[2][2] ' (LD) to 'inst_rom0i_1/\inst_mem_reg[0][2] '
INFO: [Synth 8-3886] merging instance 'inst_rom0i_1/\inst_mem_reg[2][3] ' (LD) to 'inst_rom0i_1/\inst_mem_reg[0][0] '
INFO: [Synth 8-3886] merging instance 'inst_rom0i_1/\inst_mem_reg[2][4] ' (LD) to 'inst_rom0i_1/\inst_mem_reg[0][2] '
INFO: [Synth 8-3886] merging instance 'inst_rom0i_1/\inst_mem_reg[2][5] ' (LD) to 'inst_rom0i_1/\inst_mem_reg[0][0] '
INFO: [Synth 8-3886] merging instance 'inst_rom0i_1/\inst_mem_reg[2][6] ' (LD) to 'inst_rom0i_1/\inst_mem_reg[0][2] '
INFO: [Synth 8-3886] merging instance 'inst_rom0i_1/\inst_mem_reg[2][7] ' (LD) to 'inst_rom0i_1/\inst_mem_reg[0][0] '
INFO: [Synth 8-3886] merging instance 'inst_rom0i_1/\inst_mem_reg[2][8] ' (LD) to 'inst_rom0i_1/\inst_mem_reg[0][0] '
INFO: [Synth 8-3886] merging instance 'inst_rom0i_1/\inst_mem_reg[2][9] ' (LD) to 'inst_rom0i_1/\inst_mem_reg[0][2] '
INFO: [Synth 8-3886] merging instance 'inst_rom0i_1/\inst_mem_reg[2][10] ' (LD) to 'inst_rom0i_1/\inst_mem_reg[0][2] '
INFO: [Synth 8-3886] merging instance 'inst_rom0i_1/\inst_mem_reg[2][11] ' (LD) to 'inst_rom0i_1/\inst_mem_reg[0][0] '
INFO: [Synth 8-3886] merging instance 'inst_rom0i_1/\inst_mem_reg[2][12] ' (LD) to 'inst_rom0i_1/\inst_mem_reg[0][2] '
INFO: [Synth 8-3886] merging instance 'inst_rom0i_1/\inst_mem_reg[2][13] ' (LD) to 'inst_rom0i_1/\inst_mem_reg[0][2] '
INFO: [Synth 8-3886] merging instance 'inst_rom0i_1/\inst_mem_reg[2][14] ' (LD) to 'inst_rom0i_1/\inst_mem_reg[0][2] '
INFO: [Synth 8-3886] merging instance 'inst_rom0i_1/\inst_mem_reg[2][15] ' (LD) to 'inst_rom0i_1/\inst_mem_reg[0][0] '
INFO: [Synth 8-3886] merging instance 'inst_rom0i_1/\inst_mem_reg[2][16] ' (LD) to 'inst_rom0i_1/\inst_mem_reg[0][0] '
INFO: [Synth 8-3886] merging instance 'inst_rom0i_1/\inst_mem_reg[2][17] ' (LD) to 'inst_rom0i_1/\inst_mem_reg[0][0] '
INFO: [Synth 8-3886] merging instance 'inst_rom0i_1/\inst_mem_reg[2][18] ' (LD) to 'inst_rom0i_1/\inst_mem_reg[0][2] '
INFO: [Synth 8-3886] merging instance 'inst_rom0i_1/\inst_mem_reg[2][19] ' (LD) to 'inst_rom0i_1/\inst_mem_reg[0][2] '
INFO: [Synth 8-3886] merging instance 'inst_rom0i_1/\inst_mem_reg[2][20] ' (LD) to 'inst_rom0i_1/\inst_mem_reg[0][2] '
INFO: [Synth 8-3886] merging instance 'inst_rom0i_1/\inst_mem_reg[2][21] ' (LD) to 'inst_rom0i_1/\inst_mem_reg[0][2] '
INFO: [Synth 8-3886] merging instance 'inst_rom0i_1/\inst_mem_reg[2][22] ' (LD) to 'inst_rom0i_1/\inst_mem_reg[0][2] '
INFO: [Synth 8-3886] merging instance 'inst_rom0i_1/\inst_mem_reg[2][23] ' (LD) to 'inst_rom0i_1/\inst_mem_reg[0][2] '
INFO: [Synth 8-3886] merging instance 'inst_rom0i_1/\inst_mem_reg[2][24] ' (LD) to 'inst_rom0i_1/\inst_mem_reg[0][2] '
INFO: [Synth 8-3886] merging instance 'inst_rom0i_1/\inst_mem_reg[2][25] ' (LD) to 'inst_rom0i_1/\inst_mem_reg[0][2] '
INFO: [Synth 8-3886] merging instance 'inst_rom0i_1/\inst_mem_reg[2][26] ' (LD) to 'inst_rom0i_1/\inst_mem_reg[0][0] '
INFO: [Synth 8-3886] merging instance 'inst_rom0i_1/\inst_mem_reg[2][27] ' (LD) to 'inst_rom0i_1/\inst_mem_reg[0][2] '
INFO: [Synth 8-3886] merging instance 'inst_rom0i_1/\inst_mem_reg[2][28] ' (LD) to 'inst_rom0i_1/\inst_mem_reg[0][0] '
INFO: [Synth 8-3886] merging instance 'inst_rom0i_1/\inst_mem_reg[2][29] ' (LD) to 'inst_rom0i_1/\inst_mem_reg[0][0] '
INFO: [Synth 8-3886] merging instance 'inst_rom0i_1/\inst_mem_reg[2][30] ' (LD) to 'inst_rom0i_1/\inst_mem_reg[0][2] '
INFO: [Synth 8-3886] merging instance 'inst_rom0i_1/\inst_mem_reg[2][31] ' (LD) to 'inst_rom0i_1/\inst_mem_reg[0][2] '
INFO: [Synth 8-3886] merging instance 'inst_rom0i_1/\inst_mem_reg[1][0] ' (LD) to 'inst_rom0i_1/\inst_mem_reg[0][0] '
INFO: [Synth 8-3886] merging instance 'inst_rom0i_1/\inst_mem_reg[1][1] ' (LD) to 'inst_rom0i_1/\inst_mem_reg[0][0] '
INFO: [Synth 8-3886] merging instance 'inst_rom0i_1/\inst_mem_reg[1][2] ' (LD) to 'inst_rom0i_1/\inst_mem_reg[0][0] '
INFO: [Synth 8-3886] merging instance 'inst_rom0i_1/\inst_mem_reg[1][3] ' (LD) to 'inst_rom0i_1/\inst_mem_reg[0][2] '
INFO: [Synth 8-3886] merging instance 'inst_rom0i_1/\inst_mem_reg[1][4] ' (LD) to 'inst_rom0i_1/\inst_mem_reg[0][2] '
INFO: [Synth 8-3886] merging instance 'inst_rom0i_1/\inst_mem_reg[1][5] ' (LD) to 'inst_rom0i_1/\inst_mem_reg[0][0] '
INFO: [Synth 8-3886] merging instance 'inst_rom0i_1/\inst_mem_reg[1][6] ' (LD) to 'inst_rom0i_1/\inst_mem_reg[0][0] '
INFO: [Synth 8-3886] merging instance 'inst_rom0i_1/\inst_mem_reg[1][7] ' (LD) to 'inst_rom0i_1/\inst_mem_reg[0][2] '
INFO: [Synth 8-3886] merging instance 'inst_rom0i_1/\inst_mem_reg[1][8] ' (LD) to 'inst_rom0i_1/\inst_mem_reg[0][0] '
INFO: [Synth 8-3886] merging instance 'inst_rom0i_1/\inst_mem_reg[1][9] ' (LD) to 'inst_rom0i_1/\inst_mem_reg[0][2] '
INFO: [Synth 8-3886] merging instance 'inst_rom0i_1/\inst_mem_reg[1][10] ' (LD) to 'inst_rom0i_1/\inst_mem_reg[0][0] '
INFO: [Synth 8-3886] merging instance 'inst_rom0i_1/\inst_mem_reg[1][11] ' (LD) to 'inst_rom0i_1/\inst_mem_reg[0][2] '
INFO: [Synth 8-3886] merging instance 'inst_rom0i_1/\inst_mem_reg[1][12] ' (LD) to 'inst_rom0i_1/\inst_mem_reg[0][2] '
INFO: [Synth 8-3886] merging instance 'inst_rom0i_1/\inst_mem_reg[1][13] ' (LD) to 'inst_rom0i_1/\inst_mem_reg[0][2] '
INFO: [Synth 8-3886] merging instance 'inst_rom0i_1/\inst_mem_reg[1][14] ' (LD) to 'inst_rom0i_1/\inst_mem_reg[0][0] '
INFO: [Synth 8-3886] merging instance 'inst_rom0i_1/\inst_mem_reg[1][15] ' (LD) to 'inst_rom0i_1/\inst_mem_reg[0][2] '
INFO: [Synth 8-3886] merging instance 'inst_rom0i_1/\inst_mem_reg[1][16] ' (LD) to 'inst_rom0i_1/\inst_mem_reg[0][2] '
INFO: [Synth 8-3886] merging instance 'inst_rom0i_1/\inst_mem_reg[1][17] ' (LD) to 'inst_rom0i_1/\inst_mem_reg[0][0] '
INFO: [Synth 8-3886] merging instance 'inst_rom0i_1/\inst_mem_reg[1][18] ' (LD) to 'inst_rom0i_1/\inst_mem_reg[0][2] '
INFO: [Synth 8-3886] merging instance 'inst_rom0i_1/\inst_mem_reg[1][19] ' (LD) to 'inst_rom0i_1/\inst_mem_reg[0][2] '
INFO: [Synth 8-3886] merging instance 'inst_rom0i_1/\inst_mem_reg[1][20] ' (LD) to 'inst_rom0i_1/\inst_mem_reg[0][2] '
INFO: [Synth 8-3886] merging instance 'inst_rom0i_1/\inst_mem_reg[1][21] ' (LD) to 'inst_rom0i_1/\inst_mem_reg[0][2] '
INFO: [Synth 8-3886] merging instance 'inst_rom0i_1/\inst_mem_reg[1][22] ' (LD) to 'inst_rom0i_1/\inst_mem_reg[0][2] '
INFO: [Synth 8-3886] merging instance 'inst_rom0i_1/\inst_mem_reg[1][23] ' (LD) to 'inst_rom0i_1/\inst_mem_reg[0][2] '
INFO: [Synth 8-3886] merging instance 'inst_rom0i_1/\inst_mem_reg[1][24] ' (LD) to 'inst_rom0i_1/\inst_mem_reg[0][2] '
INFO: [Synth 8-3886] merging instance 'inst_rom0i_1/\inst_mem_reg[1][25] ' (LD) to 'inst_rom0i_1/\inst_mem_reg[0][2] '
INFO: [Synth 8-3886] merging instance 'inst_rom0i_1/\inst_mem_reg[1][26] ' (LD) to 'inst_rom0i_1/\inst_mem_reg[0][0] '
INFO: [Synth 8-3886] merging instance 'inst_rom0i_1/\inst_mem_reg[1][27] ' (LD) to 'inst_rom0i_1/\inst_mem_reg[0][2] '
INFO: [Synth 8-3886] merging instance 'inst_rom0i_1/\inst_mem_reg[1][28] ' (LD) to 'inst_rom0i_1/\inst_mem_reg[0][0] '
INFO: [Synth 8-3886] merging instance 'inst_rom0i_1/\inst_mem_reg[1][29] ' (LD) to 'inst_rom0i_1/\inst_mem_reg[0][0] '
INFO: [Synth 8-3886] merging instance 'inst_rom0i_1/\inst_mem_reg[1][30] ' (LD) to 'inst_rom0i_1/\inst_mem_reg[0][2] '
INFO: [Synth 8-3886] merging instance 'inst_rom0i_1/\inst_mem_reg[1][31] ' (LD) to 'inst_rom0i_1/\inst_mem_reg[0][2] '
INFO: [Synth 8-3886] merging instance 'inst_rom0i_1/\inst_mem_reg[0][0] ' (LD) to 'inst_rom0i_1/\inst_mem_reg[0][1] '
INFO: [Synth 8-3886] merging instance 'inst_rom0i_1/\inst_mem_reg[0][1] ' (LD) to 'inst_rom0i_1/\inst_mem_reg[0][5] '
INFO: [Synth 8-3886] merging instance 'inst_rom0i_1/\inst_mem_reg[0][2] ' (LD) to 'inst_rom0i_1/\inst_mem_reg[0][3] '
INFO: [Synth 8-3886] merging instance 'inst_rom0i_1/\inst_mem_reg[0][3] ' (LD) to 'inst_rom0i_1/\inst_mem_reg[0][4] '
INFO: [Common 17-14] Message 'Synth 8-3886' appears 100 times and further instances of the messages will be disabled. Use the Tcl command set_msg_config to change the current settings.
INFO: [Synth 8-3333] propagating constant 1 across sequential element (inst_rom0i_1/\inst_mem_reg[0][29] )
INFO: [Synth 8-3333] propagating constant 0 across sequential element (inst_rom0i_1/\inst_mem_reg[0][31] )
INFO: [Synth 8-3333] propagating constant 0 across sequential element (i_2/\openmips0/id0/reg2_addr_o_reg[2] )
INFO: [Synth 8-3333] propagating constant 0 across sequential element (i_2/\openmips0/id_ex0/ex_alusel_reg[1] )
INFO: [Synth 8-3333] propagating constant 0 across sequential element (i_2/i_3/\openmips0/pc_reg0/pc_reg[0] )
INFO: [Synth 8-3333] propagating constant 0 across sequential element (i_2/i_3/\openmips0/pc_reg0/pc_reg[1] )
INFO: [Synth 8-3333] propagating constant 0 across sequential element (i_2/\openmips0/if_id0/id_inst_reg[27] )
INFO: [Synth 8-3333] propagating constant 0 across sequential element (i_2/\openmips0/id_ex0/ex_reg1_reg[3] )
---------------------------------------------------------------------------------
Finished Area Optimization : Time (s): cpu = 00:01:09 ; elapsed = 00:01:26 . Memory (MB): peak = 644.469 ; gain = 472.492
---------------------------------------------------------------------------------
Finished Parallel Area Optimization  : Time (s): cpu = 00:01:09 ; elapsed = 00:01:26 . Memory (MB): peak = 644.469 ; gain = 472.492

Report RTL Partitions: 
+------+-----------------------+------------+----------+
|      |RTL Partition          |Replication |Instances |
+------+-----------------------+------------+----------+
|1     |muxpart__5             |           1|        18|
|2     |case__11__GD           |           1|        12|
|3     |openmips_min_sopc__GC0 |           1|       302|
+------+-----------------------+------------+----------+
---------------------------------------------------------------------------------
Start Timing Optimization
---------------------------------------------------------------------------------
---------------------------------------------------------------------------------
Start Applying XDC Timing Constraints
---------------------------------------------------------------------------------
---------------------------------------------------------------------------------
Finished Applying XDC Timing Constraints : Time (s): cpu = 00:01:30 ; elapsed = 00:01:48 . Memory (MB): peak = 644.469 ; gain = 472.492
---------------------------------------------------------------------------------
---------------------------------------------------------------------------------
Finished Timing Optimization : Time (s): cpu = 00:01:30 ; elapsed = 00:01:48 . Memory (MB): peak = 644.469 ; gain = 472.492
---------------------------------------------------------------------------------

Report RTL Partitions: 
+------+-----------------------+------------+----------+
|      |RTL Partition          |Replication |Instances |
+------+-----------------------+------------+----------+
|1     |muxpart__5             |           1|        18|
|2     |case__11__GD           |           1|        12|
|3     |openmips_min_sopc__GC0 |           1|       302|
+------+-----------------------+------------+----------+
---------------------------------------------------------------------------------
Start Technology Mapping
---------------------------------------------------------------------------------
---------------------------------------------------------------------------------
Finished Technology Mapping : Time (s): cpu = 00:01:31 ; elapsed = 00:01:49 . Memory (MB): peak = 644.469 ; gain = 472.492
---------------------------------------------------------------------------------
Finished Parallel Technology Mapping Optimization  : Time (s): cpu = 00:01:31 ; elapsed = 00:01:49 . Memory (MB): peak = 644.469 ; gain = 472.492

Report RTL Partitions: 
+-+--------------+------------+----------+
| |RTL Partition |Replication |Instances |
+-+--------------+------------+----------+
+-+--------------+------------+----------+
Finished Parallel Synthesis Optimization  : Time (s): cpu = 00:01:31 ; elapsed = 00:01:49 . Memory (MB): peak = 644.469 ; gain = 472.492
---------------------------------------------------------------------------------
Start IO Insertion
---------------------------------------------------------------------------------
---------------------------------------------------------------------------------
Start Flattening Before IO Insertion
---------------------------------------------------------------------------------
---------------------------------------------------------------------------------
Finished Flattening Before IO Insertion
---------------------------------------------------------------------------------
---------------------------------------------------------------------------------
Start Final Netlist Cleanup
---------------------------------------------------------------------------------
---------------------------------------------------------------------------------
Finished Final Netlist Cleanup
---------------------------------------------------------------------------------
---------------------------------------------------------------------------------
Finished IO Insertion : Time (s): cpu = 00:01:32 ; elapsed = 00:01:51 . Memory (MB): peak = 644.469 ; gain = 472.492
---------------------------------------------------------------------------------

Report Check Netlist: 
+------+------------------+-------+---------+-------+------------------+
|      |Item              |Errors |Warnings |Status |Description       |
+------+------------------+-------+---------+-------+------------------+
|1     |multi_driven_nets |      0|        0|Passed |Multi driven nets |
+------+------------------+-------+---------+-------+------------------+
---------------------------------------------------------------------------------
Start Renaming Generated Instances
---------------------------------------------------------------------------------
---------------------------------------------------------------------------------
Finished Renaming Generated Instances : Time (s): cpu = 00:01:32 ; elapsed = 00:01:51 . Memory (MB): peak = 644.469 ; gain = 472.492
---------------------------------------------------------------------------------

Report RTL Partitions: 
+-+--------------+------------+----------+
| |RTL Partition |Replication |Instances |
+-+--------------+------------+----------+
+-+--------------+------------+----------+
---------------------------------------------------------------------------------
Start Rebuilding User Hierarchy
---------------------------------------------------------------------------------
---------------------------------------------------------------------------------
Finished Rebuilding User Hierarchy : Time (s): cpu = 00:01:32 ; elapsed = 00:01:51 . Memory (MB): peak = 644.469 ; gain = 472.492
---------------------------------------------------------------------------------
---------------------------------------------------------------------------------
Start Renaming Generated Ports
---------------------------------------------------------------------------------
---------------------------------------------------------------------------------
Finished Renaming Generated Ports : Time (s): cpu = 00:01:32 ; elapsed = 00:01:51 . Memory (MB): peak = 644.469 ; gain = 472.492
---------------------------------------------------------------------------------
---------------------------------------------------------------------------------
Start Handling Custom Attributes
---------------------------------------------------------------------------------
---------------------------------------------------------------------------------
Finished Handling Custom Attributes : Time (s): cpu = 00:01:32 ; elapsed = 00:01:51 . Memory (MB): peak = 644.469 ; gain = 472.492
---------------------------------------------------------------------------------
---------------------------------------------------------------------------------
Start Renaming Generated Nets
---------------------------------------------------------------------------------
---------------------------------------------------------------------------------
Finished Renaming Generated Nets : Time (s): cpu = 00:01:32 ; elapsed = 00:01:51 . Memory (MB): peak = 644.469 ; gain = 472.492
---------------------------------------------------------------------------------
---------------------------------------------------------------------------------
Start Writing Synthesis Report
---------------------------------------------------------------------------------

Report BlackBoxes: 
+-+--------------+----------+
| |BlackBox name |Instances |
+-+--------------+----------+
+-+--------------+----------+

Report Cell Usage: 
+------+-------+------+
|      |Cell   |Count |
+------+-------+------+
|1     |BUFG   |     1|
|2     |CARRY4 |    11|
|3     |LUT1   |    45|
|4     |LUT2   |    20|
|5     |LUT3   |    12|
|6     |LUT4   |    15|
|7     |LUT5   |     6|
|8     |LUT6   |    20|
|9     |RAM32M |     4|
|10    |FDRE   |    80|
|11    |IBUF   |     8|
|12    |OBUF   |    12|
+------+-------+------+

Report Instance Areas: 
+------+-------------------+----------------+------+
|      |Instance           |Module          |Cells |
+------+-------------------+----------------+------+
|1     |top                |                |   234|
|2     |  clk_div0         |clk_div         |    83|
|3     |  openmips0        |openmips        |   120|
|4     |    ex_mem0        |ex_mem          |    18|
|5     |    id_ex0         |id_ex           |    11|
|6     |    if_id0         |if_id           |    14|
|7     |    mem_wb0        |mem_wb          |    11|
|8     |    pc_reg0        |pc_reg          |    37|
|9     |    regfile1       |regfile         |    29|
|10    |  regfile_display0 |regfile_display |     9|
+------+-------------------+----------------+------+
---------------------------------------------------------------------------------
Finished Writing Synthesis Report : Time (s): cpu = 00:01:33 ; elapsed = 00:01:51 . Memory (MB): peak = 644.469 ; gain = 472.492
---------------------------------------------------------------------------------
Synthesis finished with 0 errors, 0 critical warnings and 5 warnings.
Synthesis Optimization Runtime : Time (s): cpu = 00:00:59 ; elapsed = 00:01:20 . Memory (MB): peak = 644.469 ; gain = 123.383
Synthesis Optimization Complete : Time (s): cpu = 00:01:33 ; elapsed = 00:01:51 . Memory (MB): peak = 644.469 ; gain = 472.492
INFO: [Project 1-571] Translating synthesized netlist
INFO: [Netlist 29-17] Analyzing 23 Unisim elements for replacement
INFO: [Netlist 29-28] Unisim Transformation completed in 0 CPU seconds
INFO: [Project 1-570] Preparing netlist for logic optimization
INFO: [Opt 31-138] Pushed 0 inverter(s) to 0 load pin(s).
INFO: [Project 1-111] Unisim Transformation Summary:
  A total of 4 instances were transformed.
  RAM32M => RAM32M (RAMD32, RAMD32, RAMD32, RAMD32, RAMD32, RAMD32, RAMS32, RAMS32): 4 instances

INFO: [Common 17-83] Releasing license: Synthesis
156 Infos, 105 Warnings, 0 Critical Warnings and 0 Errors encountered.
synth_design completed successfully
synth_design: Time (s): cpu = 00:01:30 ; elapsed = 00:01:46 . Memory (MB): peak = 644.469 ; gain = 435.598
report_utilization: Time (s): cpu = 00:00:00 ; elapsed = 00:00:00.075 . Memory (MB): peak = 644.469 ; gain = 0.000
INFO: [Common 17-206] Exiting Vivado at Sun Apr 24 16:48:23 2016...
